<?xml version="1.0" encoding="UTF-8"?>
<?xml-model href="../xproc-batch/xspec-tools/rng/xspec-manifest.rnc" type="application/relax-ng-compact-syntax"?>
<tests
    xmlns="http://www.sgmlguru.org/ns/xproc/steps"
    manifest="../pipelines/test-manifest.xml"
    xml:base=".">
    
    <test xslt="../xslt/step1.xsl" xspec="../xspec/step1.xspec" description="Just a test"/>
    
</tests>